<?xml version="1.0" encoding="UTF-8"?>
<testng-results skipped="0" failed="2" ignored="0" total="3" passed="1">
  <reporter-output>
    <line>
      <![CDATA[Fail: title is not verified]]>
    </line>
    <line>
      <![CDATA[ImagePath: ./phototestValidLoginFri Dec 29 10-51-16 IST 2017.png]]>
    </line>
    <line>
      <![CDATA[Pass: Error message is displayed]]>
    </line>
    <line>
      <![CDATA[ImagePath: ./phototestCheckProductVersionFri Dec 29 10-51-49 IST 2017.png]]>
    </line>
  </reporter-output>
  <suite name="Suite" duration-ms="70668" started-at="2017-12-29T05:20:39Z" finished-at="2017-12-29T05:21:50Z">
    <groups>
      <group name="Version">
        <method signature="CheckProductVersion.testCheckProductVersion()[pri:3, instance:Script.CheckProductVersion@52feb982]" name="testCheckProductVersion" class="Script.CheckProductVersion"/>
      </group> <!-- Version -->
      <group name="Login">
        <method signature="InvalidLogin.testInvalidLogin()[pri:2, instance:Script.InvalidLogin@7a765367]" name="testInvalidLogin" class="Script.InvalidLogin"/>
        <method signature="ValidLogin.testValidLogin()[pri:1, instance:Script.ValidLogin@76b0bfab]" name="testValidLogin" class="Script.ValidLogin"/>
      </group> <!-- Login -->
    </groups>
    <test name="Test" duration-ms="70668" started-at="2017-12-29T05:20:39Z" finished-at="2017-12-29T05:21:50Z">
      <class name="Script.ValidLogin">
        <test-method status="PASS" signature="openApp(java.lang.String)[pri:0, instance:Script.ValidLogin@76b0bfab]" name="openApp" is-config="true" duration-ms="20234" started-at="2017-12-29T10:50:39Z" finished-at="2017-12-29T10:50:59Z">
          <params>
            <param index="0">
              <value>
                <![CDATA[chrome]]>
              </value>
            </param>
          </params>
          <reporter-output>
          </reporter-output>
        </test-method> <!-- openApp -->
        <test-method status="FAIL" signature="testValidLogin()[pri:1, instance:Script.ValidLogin@76b0bfab]" name="testValidLogin" duration-ms="16668" started-at="2017-12-29T10:50:59Z" finished-at="2017-12-29T10:51:16Z">
          <exception class="java.lang.AssertionError">
            <full-stacktrace>
              <![CDATA[java.lang.AssertionErrorat org.junit.Assert.fail(Assert.java:86)at org.junit.Assert.fail(Assert.java:95)at Page.EnterTimeTrackPage.verifyTitlePage(EnterTimeTrackPage.java:45)at Script.ValidLogin.testValidLogin(ValidLogin.java:28)at sun.reflect.NativeMethodAccessorImpl.invoke0(Native Method)at sun.reflect.NativeMethodAccessorImpl.invoke(Unknown Source)at sun.reflect.DelegatingMethodAccessorImpl.invoke(Unknown Source)at java.lang.reflect.Method.invoke(Unknown Source)at org.testng.internal.MethodInvocationHelper.invokeMethod(MethodInvocationHelper.java:124)at org.testng.internal.Invoker.invokeMethod(Invoker.java:571)at org.testng.internal.Invoker.invokeTestMethod(Invoker.java:707)at org.testng.internal.Invoker.invokeTestMethods(Invoker.java:979)at org.testng.internal.TestMethodWorker.invokeTestMethods(TestMethodWorker.java:125)at org.testng.internal.TestMethodWorker.run(TestMethodWorker.java:109)at org.testng.TestRunner.privateRun(TestRunner.java:648)at org.testng.TestRunner.run(TestRunner.java:505)at org.testng.SuiteRunner.runTest(SuiteRunner.java:455)at org.testng.SuiteRunner.runSequentially(SuiteRunner.java:450)at org.testng.SuiteRunner.privateRun(SuiteRunner.java:415)at org.testng.SuiteRunner.run(SuiteRunner.java:364)at org.testng.SuiteRunnerWorker.runSuite(SuiteRunnerWorker.java:52)at org.testng.SuiteRunnerWorker.run(SuiteRunnerWorker.java:84)at org.testng.TestNG.runSuitesSequentially(TestNG.java:1187)at org.testng.TestNG.runSuitesLocally(TestNG.java:1116)at org.testng.TestNG.runSuites(TestNG.java:1028)at org.testng.TestNG.run(TestNG.java:996)at org.testng.remote.AbstractRemoteTestNG.run(AbstractRemoteTestNG.java:114)at org.testng.remote.RemoteTestNG.initAndRun(RemoteTestNG.java:251)at org.testng.remote.RemoteTestNG.main(RemoteTestNG.java:77)]]>
            </full-stacktrace>
          </exception> <!-- java.lang.AssertionError -->
          <reporter-output>
            <line>
              <![CDATA[Fail: title is not verified]]>
            </line>
          </reporter-output>
        </test-method> <!-- testValidLogin -->
        <test-method status="PASS" signature="closeApp(org.testng.ITestResult)[pri:0, instance:Script.ValidLogin@76b0bfab]" name="closeApp" is-config="true" duration-ms="1018" started-at="2017-12-29T10:51:16Z" finished-at="2017-12-29T10:51:17Z">
          <params>
            <param index="0">
              <value>
                <![CDATA[[TestResult name=testValidLogin status=FAILURE method=ValidLogin.testValidLogin()[pri:1, instance:Script.ValidLogin@76b0bfab] output=Fail: title is not verified]]]>
              </value>
            </param>
          </params>
          <reporter-output>
            <line>
              <![CDATA[ImagePath: ./phototestValidLoginFri Dec 29 10-51-16 IST 2017.png]]>
            </line>
          </reporter-output>
        </test-method> <!-- closeApp -->
      </class> <!-- Script.ValidLogin -->
      <class name="Script.InvalidLogin">
        <test-method status="PASS" signature="openApp(java.lang.String)[pri:0, instance:Script.InvalidLogin@7a765367]" name="openApp" is-config="true" duration-ms="9297" started-at="2017-12-29T10:51:17Z" finished-at="2017-12-29T10:51:26Z">
          <params>
            <param index="0">
              <value>
                <![CDATA[chrome]]>
              </value>
            </param>
          </params>
          <reporter-output>
          </reporter-output>
        </test-method> <!-- openApp -->
        <test-method status="PASS" signature="testInvalidLogin()[pri:2, instance:Script.InvalidLogin@7a765367]" name="testInvalidLogin" duration-ms="2900" started-at="2017-12-29T10:51:26Z" finished-at="2017-12-29T10:51:29Z">
          <reporter-output>
            <line>
              <![CDATA[Pass: Error message is displayed]]>
            </line>
          </reporter-output>
        </test-method> <!-- testInvalidLogin -->
        <test-method status="PASS" signature="closeApp(org.testng.ITestResult)[pri:0, instance:Script.InvalidLogin@7a765367]" name="closeApp" is-config="true" duration-ms="690" started-at="2017-12-29T10:51:29Z" finished-at="2017-12-29T10:51:30Z">
          <params>
            <param index="0">
              <value>
                <![CDATA[[TestResult name=testInvalidLogin status=SUCCESS method=InvalidLogin.testInvalidLogin()[pri:2, instance:Script.InvalidLogin@7a765367] output=Pass: Error message is displayed]]]>
              </value>
            </param>
          </params>
          <reporter-output>
          </reporter-output>
        </test-method> <!-- closeApp -->
      </class> <!-- Script.InvalidLogin -->
      <class name="Script.CheckProductVersion">
        <test-method status="PASS" signature="openApp(java.lang.String)[pri:0, instance:Script.CheckProductVersion@52feb982]" name="openApp" is-config="true" duration-ms="8309" started-at="2017-12-29T10:51:30Z" finished-at="2017-12-29T10:51:38Z">
          <params>
            <param index="0">
              <value>
                <![CDATA[chrome]]>
              </value>
            </param>
          </params>
          <reporter-output>
          </reporter-output>
        </test-method> <!-- openApp -->
        <test-method status="FAIL" signature="testCheckProductVersion()[pri:3, instance:Script.CheckProductVersion@52feb982]" name="testCheckProductVersion" duration-ms="10533" started-at="2017-12-29T10:51:38Z" finished-at="2017-12-29T10:51:49Z">
          <exception class="org.openqa.selenium.NoSuchElementException">
            <message>
              <![CDATA[no such element: Unable to locate element: {"method":"xpath","selector":"(//div[contains(text(),'Help')])[1]"}  (Session info: chrome=63.0.3239.84)  (Driver info: chromedriver=2.33.506120 (e3e53437346286c0bc2d2dc9aa4915ba81d9023f),platform=Windows NT 10.0.15063 x86_64) (WARNING: The server did not provide any stacktrace information)Command duration or timeout: 0 millisecondsFor documentation on this error, please visit: http://seleniumhq.org/exceptions/no_such_element.htmlBuild info: version: '3.7.1', revision: '8a0099a', time: '2017-11-06T21:07:36.161Z'System info: host: 'DESKTOP-BRPS72H', ip: '192.168.1.4', os.name: 'Windows 10', os.arch: 'amd64', os.version: '10.0', java.version: '1.8.0_131'Driver info: org.openqa.selenium.chrome.ChromeDriverCapabilities {acceptSslCerts: true, applicationCacheEnabled: false, browserConnectionEnabled: false, browserName: chrome, chrome: {chromedriverVersion: 2.33.506120 (e3e53437346286..., userDataDir: C:\Users\PURNEN~1\AppData\L...}, cssSelectorsEnabled: true, databaseEnabled: false, handlesAlerts: true, hasTouchScreen: false, javascriptEnabled: true, locationContextEnabled: true, mobileEmulationEnabled: false, nativeEvents: true, networkConnectionEnabled: false, pageLoadStrategy: normal, platform: XP, platformName: XP, rotatable: false, setWindowRect: true, takesHeapSnapshot: true, takesScreenshot: true, unexpectedAlertBehaviour: , unhandledPromptBehavior: , version: 63.0.3239.84, webStorageEnabled: true}Session ID: d378421feab24e3db746d571033f2dd0*** Element info: {Using=xpath, value=(//div[contains(text(),'Help')])[1]}]]>
            </message>
            <full-stacktrace>
              <![CDATA[org.openqa.selenium.NoSuchElementException: no such element: Unable to locate element: {"method":"xpath","selector":"(//div[contains(text(),'Help')])[1]"}  (Session info: chrome=63.0.3239.84)  (Driver info: chromedriver=2.33.506120 (e3e53437346286c0bc2d2dc9aa4915ba81d9023f),platform=Windows NT 10.0.15063 x86_64) (WARNING: The server did not provide any stacktrace information)Command duration or timeout: 0 millisecondsFor documentation on this error, please visit: http://seleniumhq.org/exceptions/no_such_element.htmlBuild info: version: '3.7.1', revision: '8a0099a', time: '2017-11-06T21:07:36.161Z'System info: host: 'DESKTOP-BRPS72H', ip: '192.168.1.4', os.name: 'Windows 10', os.arch: 'amd64', os.version: '10.0', java.version: '1.8.0_131'Driver info: org.openqa.selenium.chrome.ChromeDriverCapabilities {acceptSslCerts: true, applicationCacheEnabled: false, browserConnectionEnabled: false, browserName: chrome, chrome: {chromedriverVersion: 2.33.506120 (e3e53437346286..., userDataDir: C:\Users\PURNEN~1\AppData\L...}, cssSelectorsEnabled: true, databaseEnabled: false, handlesAlerts: true, hasTouchScreen: false, javascriptEnabled: true, locationContextEnabled: true, mobileEmulationEnabled: false, nativeEvents: true, networkConnectionEnabled: false, pageLoadStrategy: normal, platform: XP, platformName: XP, rotatable: false, setWindowRect: true, takesHeapSnapshot: true, takesScreenshot: true, unexpectedAlertBehaviour: , unhandledPromptBehavior: , version: 63.0.3239.84, webStorageEnabled: true}Session ID: d378421feab24e3db746d571033f2dd0*** Element info: {Using=xpath, value=(//div[contains(text(),'Help')])[1]}at sun.reflect.NativeConstructorAccessorImpl.newInstance0(Native Method)at sun.reflect.NativeConstructorAccessorImpl.newInstance(Unknown Source)at sun.reflect.DelegatingConstructorAccessorImpl.newInstance(Unknown Source)at java.lang.reflect.Constructor.newInstance(Unknown Source)at org.openqa.selenium.remote.ErrorHandler.createThrowable(ErrorHandler.java:214)at org.openqa.selenium.remote.ErrorHandler.throwIfResponseFailed(ErrorHandler.java:166)at org.openqa.selenium.remote.http.JsonHttpResponseCodec.reconstructValue(JsonHttpResponseCodec.java:40)at org.openqa.selenium.remote.http.AbstractHttpResponseCodec.decode(AbstractHttpResponseCodec.java:80)at org.openqa.selenium.remote.http.AbstractHttpResponseCodec.decode(AbstractHttpResponseCodec.java:44)at org.openqa.selenium.remote.HttpCommandExecutor.execute(HttpCommandExecutor.java:164)at org.openqa.selenium.remote.service.DriverCommandExecutor.execute(DriverCommandExecutor.java:83)at org.openqa.selenium.remote.RemoteWebDriver.execute(RemoteWebDriver.java:600)at org.openqa.selenium.remote.RemoteWebDriver.findElement(RemoteWebDriver.java:370)at org.openqa.selenium.remote.RemoteWebDriver.findElementByXPath(RemoteWebDriver.java:472)at org.openqa.selenium.By$ByXPath.findElement(By.java:361)at org.openqa.selenium.remote.RemoteWebDriver.findElement(RemoteWebDriver.java:362)at org.openqa.selenium.support.pagefactory.DefaultElementLocator.findElement(DefaultElementLocator.java:69)at org.openqa.selenium.support.pagefactory.internal.LocatingElementHandler.invoke(LocatingElementHandler.java:38)at com.sun.proxy.$Proxy11.click(Unknown Source)at Page.EnterTimeTrackPage.clikHelp(EnterTimeTrackPage.java:53)at Script.CheckProductVersion.testCheckProductVersion(CheckProductVersion.java:24)at sun.reflect.NativeMethodAccessorImpl.invoke0(Native Method)at sun.reflect.NativeMethodAccessorImpl.invoke(Unknown Source)at sun.reflect.DelegatingMethodAccessorImpl.invoke(Unknown Source)at java.lang.reflect.Method.invoke(Unknown Source)at org.testng.internal.MethodInvocationHelper.invokeMethod(MethodInvocationHelper.java:124)at org.testng.internal.Invoker.invokeMethod(Invoker.java:571)at org.testng.internal.Invoker.invokeTestMethod(Invoker.java:707)at org.testng.internal.Invoker.invokeTestMethods(Invoker.java:979)at org.testng.internal.TestMethodWorker.invokeTestMethods(TestMethodWorker.java:125)at org.testng.internal.TestMethodWorker.run(TestMethodWorker.java:109)at org.testng.TestRunner.privateRun(TestRunner.java:648)at org.testng.TestRunner.run(TestRunner.java:505)at org.testng.SuiteRunner.runTest(SuiteRunner.java:455)at org.testng.SuiteRunner.runSequentially(SuiteRunner.java:450)at org.testng.SuiteRunner.privateRun(SuiteRunner.java:415)at org.testng.SuiteRunner.run(SuiteRunner.java:364)at org.testng.SuiteRunnerWorker.runSuite(SuiteRunnerWorker.java:52)at org.testng.SuiteRunnerWorker.run(SuiteRunnerWorker.java:84)at org.testng.TestNG.runSuitesSequentially(TestNG.java:1187)at org.testng.TestNG.runSuitesLocally(TestNG.java:1116)at org.testng.TestNG.runSuites(TestNG.java:1028)at org.testng.TestNG.run(TestNG.java:996)at org.testng.remote.AbstractRemoteTestNG.run(AbstractRemoteTestNG.java:114)at org.testng.remote.RemoteTestNG.initAndRun(RemoteTestNG.java:251)at org.testng.remote.RemoteTestNG.main(RemoteTestNG.java:77)]]>
            </full-stacktrace>
          </exception> <!-- org.openqa.selenium.NoSuchElementException -->
          <reporter-output>
          </reporter-output>
        </test-method> <!-- testCheckProductVersion -->
        <test-method status="PASS" signature="closeApp(org.testng.ITestResult)[pri:0, instance:Script.CheckProductVersion@52feb982]" name="closeApp" is-config="true" duration-ms="959" started-at="2017-12-29T10:51:49Z" finished-at="2017-12-29T10:51:50Z">
          <params>
            <param index="0">
              <value>
                <![CDATA[[TestResult name=testCheckProductVersion status=FAILURE method=CheckProductVersion.testCheckProductVersion()[pri:3, instance:Script.CheckProductVersion@52feb982] output={null}]]]>
              </value>
            </param>
          </params>
          <reporter-output>
            <line>
              <![CDATA[ImagePath: ./phototestCheckProductVersionFri Dec 29 10-51-49 IST 2017.png]]>
            </line>
          </reporter-output>
        </test-method> <!-- closeApp -->
      </class> <!-- Script.CheckProductVersion -->
    </test> <!-- Test -->
  </suite> <!-- Suite -->
</testng-results>
